<?xml version="1.0" ?>
<testsuites failures="0" errors="15" tests="20" disabled="0" time="0.0">
	<testsuite name="libcloudns" disabled="0" failures="0" errors="0" skipped="0" time="0" tests="1">
		<testcase name="libcloudns:0:0" file="libcloudns/__init__.py">
			<system-out>All checks passed for: libcloudns/__init__.py</system-out>
		</testcase>
	</testsuite>
	<testsuite name="libcloudns.command_line" disabled="0" failures="0" errors="3" skipped="0" time="0" tests="4">
		<testcase name="libcloudns.command_line:1:0" class="convention" file="libcloudns/command_line.py" line="1">
			<error type="error" message="missing-module-docstring">C0114:Missing module docstring
libcloudns/command_line.py:1:0:#!/usr/bin/env python3</error>
			<system-out>libcloudns/command_line.py:1:0:#!/usr/bin/env python3</system-out>
			<system-err>C0114:Missing module docstring
libcloudns/command_line.py:1:0:#!/usr/bin/env python3</system-err>
		</testcase>
		<testcase name="libcloudns.command_line:5:0" class="convention" file="libcloudns/command_line.py" line="5">
			<error type="error" message="missing-function-docstring">C0116:Missing function or method docstring
libcloudns/command_line.py:5:0:def build_version():</error>
			<system-out>libcloudns/command_line.py:5:0:def build_version():</system-out>
			<system-err>C0116:Missing function or method docstring
libcloudns/command_line.py:5:0:def build_version():</system-err>
		</testcase>
		<testcase name="libcloudns.command_line:10:0" class="convention" file="libcloudns/command_line.py" line="10">
			<error type="error" message="missing-function-docstring">C0116:Missing function or method docstring
libcloudns/command_line.py:10:0:def main():</error>
			<system-out>libcloudns/command_line.py:10:0:def main():</system-out>
			<system-err>C0116:Missing function or method docstring
libcloudns/command_line.py:10:0:def main():</system-err>
		</testcase>
		<testcase name="libcloudns.command_line:0:0" file="libcloudns/command_line.py">
			<system-out>All checks passed for: libcloudns/command_line.py</system-out>
		</testcase>
	</testsuite>
	<testsuite name="libcloudns.api_response" disabled="0" failures="0" errors="0" skipped="0" time="0" tests="1">
		<testcase name="libcloudns.api_response:0:0" file="libcloudns/api_response.py">
			<system-out>All checks passed for: libcloudns/api_response.py</system-out>
		</testcase>
	</testsuite>
	<testsuite name="libcloudns.tests.test_api_response" disabled="0" failures="0" errors="5" skipped="0" time="0" tests="6">
		<testcase name="libcloudns.tests.test_api_response:1:0" class="convention" file="libcloudns/tests/test_api_response.py" line="1">
			<error type="error" message="missing-module-docstring">C0114:Missing module docstring
libcloudns/tests/test_api_response.py:1:0:#!/usr/bin/env python3</error>
			<system-out>libcloudns/tests/test_api_response.py:1:0:#!/usr/bin/env python3</system-out>
			<system-err>C0114:Missing module docstring
libcloudns/tests/test_api_response.py:1:0:#!/usr/bin/env python3</system-err>
		</testcase>
		<testcase name="libcloudns.tests.test_api_response:6:0" class="convention" file="libcloudns/tests/test_api_response.py" line="6">
			<error type="error" message="missing-class-docstring">C0115:Missing class docstring
libcloudns/tests/test_api_response.py:6:0:class TestResponse(TestCase):</error>
			<system-out>libcloudns/tests/test_api_response.py:6:0:class TestResponse(TestCase):</system-out>
			<system-err>C0115:Missing class docstring
libcloudns/tests/test_api_response.py:6:0:class TestResponse(TestCase):</system-err>
		</testcase>
		<testcase name="libcloudns.tests.test_api_response:7:4" class="convention" file="libcloudns/tests/test_api_response.py" line="7">
			<error type="error" message="missing-function-docstring">C0116:Missing function or method docstring
libcloudns/tests/test_api_response.py:7:4:def test_has_repr(self):</error>
			<system-out>libcloudns/tests/test_api_response.py:7:4:def test_has_repr(self):</system-out>
			<system-err>C0116:Missing function or method docstring
libcloudns/tests/test_api_response.py:7:4:def test_has_repr(self):</system-err>
		</testcase>
		<testcase name="libcloudns.tests.test_api_response:13:4" class="convention" file="libcloudns/tests/test_api_response.py" line="13">
			<error type="error" message="missing-function-docstring">C0116:Missing function or method docstring
libcloudns/tests/test_api_response.py:13:4:def test_has_str(self):</error>
			<system-out>libcloudns/tests/test_api_response.py:13:4:def test_has_str(self):</system-out>
			<system-err>C0116:Missing function or method docstring
libcloudns/tests/test_api_response.py:13:4:def test_has_str(self):</system-err>
		</testcase>
		<testcase name="libcloudns.tests.test_api_response:19:4" class="convention" file="libcloudns/tests/test_api_response.py" line="19">
			<error type="error" message="missing-function-docstring">C0116:Missing function or method docstring
libcloudns/tests/test_api_response.py:19:4:def test_has_version(self):</error>
			<system-out>libcloudns/tests/test_api_response.py:19:4:def test_has_version(self):</system-out>
			<system-err>C0116:Missing function or method docstring
libcloudns/tests/test_api_response.py:19:4:def test_has_version(self):</system-err>
		</testcase>
		<testcase name="libcloudns.tests.test_api_response:0:0" file="libcloudns/tests/test_api_response.py">
			<system-out>All checks passed for: libcloudns/tests/test_api_response.py</system-out>
		</testcase>
	</testsuite>
	<testsuite name="libcloudns.tests.__init__" disabled="0" failures="0" errors="1" skipped="0" time="0" tests="2">
		<testcase name="libcloudns.tests.__init__:1:0" class="convention" file="libcloudns/tests/__init__.py" line="1">
			<error type="error" message="missing-final-newline">C0304:Final newline missing
libcloudns/tests/__init__.py:1:0:#!/usr/bin/env python3</error>
			<system-out>libcloudns/tests/__init__.py:1:0:#!/usr/bin/env python3</system-out>
			<system-err>C0304:Final newline missing
libcloudns/tests/__init__.py:1:0:#!/usr/bin/env python3</system-err>
		</testcase>
		<testcase name="libcloudns.tests.__init__:0:0" file="libcloudns/tests/__init__.py">
			<system-out>All checks passed for: libcloudns/tests/__init__.py</system-out>
		</testcase>
	</testsuite>
	<testsuite name="libcloudns.tests.test_command_line" disabled="0" failures="0" errors="6" skipped="0" time="0" tests="6">
		<testcase name="libcloudns.tests.test_command_line:1:0" class="convention" file="libcloudns/tests/test_command_line.py" line="1">
			<error type="error" message="missing-module-docstring">C0114:Missing module docstring
libcloudns/tests/test_command_line.py:1:0:#!/usr/bin/env python3</error>
			<system-out>libcloudns/tests/test_command_line.py:1:0:#!/usr/bin/env python3</system-out>
			<system-err>C0114:Missing module docstring
libcloudns/tests/test_command_line.py:1:0:#!/usr/bin/env python3</system-err>
		</testcase>
		<testcase name="libcloudns.tests.test_command_line:6:0" class="convention" file="libcloudns/tests/test_command_line.py" line="6">
			<error type="error" message="missing-class-docstring">C0115:Missing class docstring
libcloudns/tests/test_command_line.py:6:0:class TestCommandLine(TestCase):</error>
			<system-out>libcloudns/tests/test_command_line.py:6:0:class TestCommandLine(TestCase):</system-out>
			<system-err>C0115:Missing class docstring
libcloudns/tests/test_command_line.py:6:0:class TestCommandLine(TestCase):</system-err>
		</testcase>
		<testcase name="libcloudns.tests.test_command_line:7:4" class="convention" file="libcloudns/tests/test_command_line.py" line="7">
			<error type="error" message="missing-function-docstring">C0116:Missing function or method docstring
libcloudns/tests/test_command_line.py:7:4:def test_has_main(self):</error>
			<system-out>libcloudns/tests/test_command_line.py:7:4:def test_has_main(self):</system-out>
			<system-err>C0116:Missing function or method docstring
libcloudns/tests/test_command_line.py:7:4:def test_has_main(self):</system-err>
		</testcase>
		<testcase name="libcloudns.tests.test_command_line:10:4" class="convention" file="libcloudns/tests/test_command_line.py" line="10">
			<error type="error" message="missing-function-docstring">C0116:Missing function or method docstring
libcloudns/tests/test_command_line.py:10:4:def test_has_output(self):</error>
			<system-out>libcloudns/tests/test_command_line.py:10:4:def test_has_output(self):</system-out>
			<system-err>C0116:Missing function or method docstring
libcloudns/tests/test_command_line.py:10:4:def test_has_output(self):</system-err>
		</testcase>
		<testcase name="libcloudns.tests.test_command_line:11:8" class="convention" file="libcloudns/tests/test_command_line.py" line="11">
			<error type="error" message="import-outside-toplevel">C0415:Import outside toplevel (io)
libcloudns/tests/test_command_line.py:11:8:from io import StringIO</error>
			<system-out>libcloudns/tests/test_command_line.py:11:8:from io import StringIO</system-out>
			<system-err>C0415:Import outside toplevel (io)
libcloudns/tests/test_command_line.py:11:8:from io import StringIO</system-err>
		</testcase>
		<testcase name="libcloudns.tests.test_command_line:12:8" class="convention" file="libcloudns/tests/test_command_line.py" line="12">
			<error type="error" message="import-outside-toplevel">C0415:Import outside toplevel (unittest.mock)
libcloudns/tests/test_command_line.py:12:8:from unittest.mock import patch</error>
			<system-out>libcloudns/tests/test_command_line.py:12:8:from unittest.mock import patch</system-out>
			<system-err>C0415:Import outside toplevel (unittest.mock)
libcloudns/tests/test_command_line.py:12:8:from unittest.mock import patch</system-err>
		</testcase>
	</testsuite>
</testsuites>

